18:12:09 Worker rq:worker:756780cea5884375b915e01d26a08a1d.ip-172-31-33-19.13719.home-frappe-frappe-bench:long: started, version 1.10.1
18:12:09 Worker rq:worker:3475e06211e943fcbc1675d1592044a4.ip-172-31-33-19.13695.home-frappe-frappe-bench:default: started, version 1.10.1
18:12:09 Subscribing to channel rq:pubsub:756780cea5884375b915e01d26a08a1d.ip-172-31-33-19.13719.home-frappe-frappe-bench:long
18:12:09 Subscribing to channel rq:pubsub:3475e06211e943fcbc1675d1592044a4.ip-172-31-33-19.13695.home-frappe-frappe-bench:default
18:12:09 Worker rq:worker:5d2be1dac7e94635b46ae38242a3c7b7.ip-172-31-33-19.13699.home-frappe-frappe-bench:short: started, version 1.10.1
18:12:09 Subscribing to channel rq:pubsub:5d2be1dac7e94635b46ae38242a3c7b7.ip-172-31-33-19.13699.home-frappe-frappe-bench:short
18:12:09 *** Listening on home-frappe-frappe-bench:long...
18:12:09 *** Listening on home-frappe-frappe-bench:default...
18:12:09 Cleaning registries for queue: home-frappe-frappe-bench:long
18:12:09 Cleaning registries for queue: home-frappe-frappe-bench:default
18:12:09 *** Listening on home-frappe-frappe-bench:short...
18:12:09 Cleaning registries for queue: home-frappe-frappe-bench:short
18:13:09 home-frappe-frappe-bench:default: frappe.utils.background_jobs.execute_job(event=None, is_async=True, job_name='frappe.core.doctype.scheduled_job_type.scheduled_job_type.run_scheduled_jo..., kwargs={'job_type': 'hrms.controllers.employee_reminders.send_reminders_in_advance..., method='frappe.core.doctype.scheduled_job_type.scheduled_job_type.run_scheduled_jo..., site='site1.local', user='Administrator') (8edc29d5-57cf-4fc6-8d52-e8f25928daa5)
18:13:09 home-frappe-frappe-bench:long: frappe.utils.background_jobs.execute_job(event=None, is_async=True, job_name='frappe.core.doctype.scheduled_job_type.scheduled_job_type.run_scheduled_jo..., kwargs={'job_type': 'ecommerce_integrations.unicommerce.status_updater.update_ship..., method='frappe.core.doctype.scheduled_job_type.scheduled_job_type.run_scheduled_jo..., site='site1.local', user='Administrator') (3708001a-6746-4b86-b0a6-5d2d36c4aefa)
18:13:11 home-frappe-frappe-bench:default: Job OK (8edc29d5-57cf-4fc6-8d52-e8f25928daa5)
18:13:11 Result is kept for 600 seconds
18:13:11 home-frappe-frappe-bench:default: frappe.utils.background_jobs.execute_job(event=None, is_async=True, job_name='frappe.core.doctype.scheduled_job_type.scheduled_job_type.run_scheduled_jo..., kwargs={'job_type': 'hrms.controllers.employee_reminders.send_reminders_in_advance..., method='frappe.core.doctype.scheduled_job_type.scheduled_job_type.run_scheduled_jo..., site='site1.local', user='Administrator') (08d03911-91af-46df-90e7-cf64de1b8743)
18:13:12 home-frappe-frappe-bench:default: Job OK (08d03911-91af-46df-90e7-cf64de1b8743)
18:13:12 Result is kept for 600 seconds
18:13:12 home-frappe-frappe-bench:default: frappe.utils.background_jobs.execute_job(event=None, is_async=True, job_name='frappe.core.doctype.scheduled_job_type.scheduled_job_type.run_scheduled_jo..., kwargs={'job_type': 'hrms.hr.doctype.interview.interview.send_daily_feedback_remin..., method='frappe.core.doctype.scheduled_job_type.scheduled_job_type.run_scheduled_jo..., site='site1.local', user='Administrator') (861de337-3c9c-4663-85bd-4fc3ffd35479)
18:13:13 home-frappe-frappe-bench:long: Job OK (3708001a-6746-4b86-b0a6-5d2d36c4aefa)
18:13:13 Result is kept for 600 seconds
18:13:13 home-frappe-frappe-bench:long: frappe.utils.background_jobs.execute_job(event=None, is_async=True, job_name='frappe.core.doctype.scheduled_job_type.scheduled_job_type.run_scheduled_jo..., kwargs={'job_type': 'ecommerce_integrations.unicommerce.status_updater.update_sale..., method='frappe.core.doctype.scheduled_job_type.scheduled_job_type.run_scheduled_jo..., site='site1.local', user='Administrator') (785e7d59-4863-4f1a-8cce-21ebc490b539)
18:13:13 home-frappe-frappe-bench:default: Job OK (861de337-3c9c-4663-85bd-4fc3ffd35479)
18:13:13 Result is kept for 600 seconds
18:13:13 home-frappe-frappe-bench:default: frappe.utils.background_jobs.execute_job(event=None, is_async=True, job_name='frappe.core.doctype.scheduled_job_type.scheduled_job_type.run_scheduled_jo..., kwargs={'job_type': 'hrms.hr.doctype.daily_work_summary_group.daily_work_summary_g..., method='frappe.core.doctype.scheduled_job_type.scheduled_job_type.run_scheduled_jo..., site='site1.local', user='Administrator') (644c1696-2ef5-41f9-b2b9-5e01fdfd7568)
18:13:14 home-frappe-frappe-bench:default: Job OK (644c1696-2ef5-41f9-b2b9-5e01fdfd7568)
18:13:14 Result is kept for 600 seconds
18:13:14 home-frappe-frappe-bench:default: frappe.utils.background_jobs.execute_job(event=None, is_async=True, job_name='frappe.core.doctype.scheduled_job_type.scheduled_job_type.run_scheduled_jo..., kwargs={'job_type': 'hrms.controllers.employee_reminders.send_work_anniversary_rem..., method='frappe.core.doctype.scheduled_job_type.scheduled_job_type.run_scheduled_jo..., site='site1.local', user='Administrator') (7fee88a0-027e-419e-a2b2-fc2a672b91e7)
18:13:14 home-frappe-frappe-bench:long: Job OK (785e7d59-4863-4f1a-8cce-21ebc490b539)
18:13:14 Result is kept for 600 seconds
18:13:14 home-frappe-frappe-bench:long: frappe.utils.background_jobs.execute_job(event=None, is_async=True, job_name='frappe.core.doctype.scheduled_job_type.scheduled_job_type.run_scheduled_jo..., kwargs={'job_type': 'ecommerce_integrations.unicommerce.product.upload_new_items'}, method='frappe.core.doctype.scheduled_job_type.scheduled_job_type.run_scheduled_jo..., site='site1.local', user='Administrator') (3e9e8904-5594-4f6f-8b52-7743f4771e89)
18:13:14 home-frappe-frappe-bench:default: Job OK (7fee88a0-027e-419e-a2b2-fc2a672b91e7)
18:13:14 Result is kept for 600 seconds
18:13:14 home-frappe-frappe-bench:default: frappe.utils.background_jobs.execute_job(event=None, is_async=True, job_name='frappe.core.doctype.scheduled_job_type.scheduled_job_type.run_scheduled_jo..., kwargs={'job_type': 'hrms.controllers.employee_reminders.send_birthday_reminders'}, method='frappe.core.doctype.scheduled_job_type.scheduled_job_type.run_scheduled_jo..., site='site1.local', user='Administrator') (e3d76148-e4c3-49ec-84ef-3b1c7ab46faf)
18:13:15 home-frappe-frappe-bench:default: Job OK (e3d76148-e4c3-49ec-84ef-3b1c7ab46faf)
18:13:15 Result is kept for 600 seconds
18:13:15 home-frappe-frappe-bench:default: frappe.utils.background_jobs.execute_job(event=None, is_async=True, job_name='frappe.core.doctype.scheduled_job_type.scheduled_job_type.run_scheduled_jo..., kwargs={'job_type': 'ecommerce_integrations.amazon.doctype.amazon_sp_api_settings...., method='frappe.core.doctype.scheduled_job_type.scheduled_job_type.run_scheduled_jo..., site='site1.local', user='Administrator') (1f2d1bcf-205e-4b88-9fbb-c82d231c1c5b)
18:13:15 home-frappe-frappe-bench:long: Job OK (3e9e8904-5594-4f6f-8b52-7743f4771e89)
18:13:15 Result is kept for 600 seconds
18:13:15 home-frappe-frappe-bench:long: frappe.utils.background_jobs.execute_job(event=None, is_async=True, job_name='frappe.core.doctype.scheduled_job_type.scheduled_job_type.run_scheduled_jo..., kwargs={'job_type': 'ecommerce_integrations.zenoti.doctype.zenoti_settings.zenoti_..., method='frappe.core.doctype.scheduled_job_type.scheduled_job_type.run_scheduled_jo..., site='site1.local', user='Administrator') (3920b322-982e-4d82-9494-261bdca7e1d7)
18:13:16 home-frappe-frappe-bench:default: Job OK (1f2d1bcf-205e-4b88-9fbb-c82d231c1c5b)
18:13:16 Result is kept for 600 seconds
18:13:16 home-frappe-frappe-bench:default: frappe.utils.background_jobs.execute_job(event=None, is_async=True, job_name='frappe.core.doctype.scheduled_job_type.scheduled_job_type.run_scheduled_jo..., kwargs={'job_type': 'ecommerce_integrations.shopify.order.sync_old_orders'}, method='frappe.core.doctype.scheduled_job_type.scheduled_job_type.run_scheduled_jo..., site='site1.local', user='Administrator') (bc5b4575-73c7-4391-9000-93f5bab7195b)
18:13:16 home-frappe-frappe-bench:long: Job OK (3920b322-982e-4d82-9494-261bdca7e1d7)
18:13:16 Result is kept for 600 seconds
18:13:16 home-frappe-frappe-bench:long: frappe.utils.background_jobs.execute_job(event=None, is_async=True, job_name='frappe.core.doctype.scheduled_job_type.scheduled_job_type.run_scheduled_jo..., kwargs={'job_type': 'ecommerce_integrations.zenoti.doctype.zenoti_settings.zenoti_..., method='frappe.core.doctype.scheduled_job_type.scheduled_job_type.run_scheduled_jo..., site='site1.local', user='Administrator') (e93cadac-8bfa-4b9f-850b-693452da1e1e)
18:13:16 home-frappe-frappe-bench:default: Job OK (bc5b4575-73c7-4391-9000-93f5bab7195b)
18:13:16 Result is kept for 600 seconds
18:13:17 home-frappe-frappe-bench:default: frappe.utils.background_jobs.execute_job(event=None, is_async=True, job_name='frappe.core.doctype.scheduled_job_type.scheduled_job_type.run_scheduled_jo..., kwargs={'job_type': 'hrms.hr.doctype.shift_type.shift_type.process_auto_attendance..., method='frappe.core.doctype.scheduled_job_type.scheduled_job_type.run_scheduled_jo..., site='site1.local', user='Administrator') (68e991e1-0702-42b6-8c30-de749ac61004)
18:13:17 home-frappe-frappe-bench:long: Job OK (e93cadac-8bfa-4b9f-850b-693452da1e1e)
18:13:17 Result is kept for 600 seconds
18:13:17 home-frappe-frappe-bench:long: frappe.utils.background_jobs.execute_job(event=None, is_async=True, job_name='frappe.core.doctype.scheduled_job_type.scheduled_job_type.run_scheduled_jo..., kwargs={'job_type': 'hrms.hr.utils.allocate_earned_leaves'}, method='frappe.core.doctype.scheduled_job_type.scheduled_job_type.run_scheduled_jo..., site='site1.local', user='Administrator') (34238084-4fc6-43b1-8c1a-4cabeca98e1a)
18:13:17 home-frappe-frappe-bench:default: Job OK (68e991e1-0702-42b6-8c30-de749ac61004)
18:13:17 Result is kept for 600 seconds
18:13:17 home-frappe-frappe-bench:default: frappe.utils.background_jobs.execute_job(event=None, is_async=True, job_name='frappe.core.doctype.scheduled_job_type.scheduled_job_type.run_scheduled_jo..., kwargs={'job_type': 'hrms.hr.doctype.daily_work_summary_group.daily_work_summary_g..., method='frappe.core.doctype.scheduled_job_type.scheduled_job_type.run_scheduled_jo..., site='site1.local', user='Administrator') (d0e0fc42-0515-4176-ac5d-5b99b9a4f306)
18:13:17 home-frappe-frappe-bench:long: Job OK (34238084-4fc6-43b1-8c1a-4cabeca98e1a)
18:13:17 Result is kept for 600 seconds
18:13:17 home-frappe-frappe-bench:long: frappe.utils.background_jobs.execute_job(event=None, is_async=True, job_name='frappe.core.doctype.scheduled_job_type.scheduled_job_type.run_scheduled_jo..., kwargs={'job_type': 'hrms.hr.utils.generate_leave_encashment'}, method='frappe.core.doctype.scheduled_job_type.scheduled_job_type.run_scheduled_jo..., site='site1.local', user='Administrator') (6276dbad-4c7c-4939-bc3d-1321213b2c0a)
18:13:17 home-frappe-frappe-bench:default: Job OK (d0e0fc42-0515-4176-ac5d-5b99b9a4f306)
18:13:17 Result is kept for 600 seconds
18:13:17 home-frappe-frappe-bench:default: frappe.utils.background_jobs.execute_job(event=None, is_async=True, job_name='frappe.core.doctype.scheduled_job_type.scheduled_job_type.run_scheduled_jo..., kwargs={'job_type': 'ecommerce_integrations.shopify.inventory.update_inventory_on_..., method='frappe.core.doctype.scheduled_job_type.scheduled_job_type.run_scheduled_jo..., site='site1.local', user='Administrator') (da5975df-8965-437b-a3ad-e14577abc664)
18:13:17 home-frappe-frappe-bench:long: Job OK (6276dbad-4c7c-4939-bc3d-1321213b2c0a)
18:13:17 Result is kept for 600 seconds
18:13:17 home-frappe-frappe-bench:long: frappe.utils.background_jobs.execute_job(event=None, is_async=True, job_name='frappe.core.doctype.scheduled_job_type.scheduled_job_type.run_scheduled_jo..., kwargs={'job_type': 'hrms.hr.doctype.leave_ledger_entry.leave_ledger_entry.process..., method='frappe.core.doctype.scheduled_job_type.scheduled_job_type.run_scheduled_jo..., site='site1.local', user='Administrator') (335058d9-fcc9-41e7-9837-eaffb633c6af)
18:13:18 home-frappe-frappe-bench:long: Job OK (335058d9-fcc9-41e7-9837-eaffb633c6af)
18:13:18 Result is kept for 600 seconds
18:13:18 home-frappe-frappe-bench:long: frappe.utils.background_jobs.execute_job(event=None, is_async=True, job_name='frappe.core.doctype.scheduled_job_type.scheduled_job_type.run_scheduled_jo..., kwargs={'job_type': 'erpnext.bulk_transaction.doctype.bulk_transaction_log.bulk_tr..., method='frappe.core.doctype.scheduled_job_type.scheduled_job_type.run_scheduled_jo..., site='site1.local', user='Administrator') (837fe3df-2337-4e2e-8596-4067bfcecd3f)
18:13:18 home-frappe-frappe-bench:long: Job OK (837fe3df-2337-4e2e-8596-4067bfcecd3f)
18:13:18 Result is kept for 600 seconds
18:13:18 home-frappe-frappe-bench:long: frappe.utils.background_jobs.execute_job(event=None, is_async=True, job_name='frappe.core.doctype.scheduled_job_type.scheduled_job_type.run_scheduled_jo..., kwargs={'job_type': 'erpnext.stock.doctype.repost_item_valuation.repost_item_valua..., method='frappe.core.doctype.scheduled_job_type.scheduled_job_type.run_scheduled_jo..., site='site1.local', user='Administrator') (017e066f-b773-4ff9-9f05-b4a75e74c4e9)
18:13:18 home-frappe-frappe-bench:default: Job OK (da5975df-8965-437b-a3ad-e14577abc664)
18:13:18 Result is kept for 600 seconds
18:13:18 home-frappe-frappe-bench:default: frappe.utils.background_jobs.execute_job(event=None, is_async=True, job_name='frappe.core.doctype.scheduled_job_type.scheduled_job_type.run_scheduled_jo..., kwargs={'job_type': 'hrms.hr.doctype.interview.interview.send_interview_reminder'}, method='frappe.core.doctype.scheduled_job_type.scheduled_job_type.run_scheduled_jo..., site='site1.local', user='Administrator') (262a76ad-618e-431d-bc95-3887b3dc4bc2)
18:13:18 home-frappe-frappe-bench:long: Job OK (017e066f-b773-4ff9-9f05-b4a75e74c4e9)
18:13:18 Result is kept for 600 seconds
18:13:18 home-frappe-frappe-bench:long: frappe.utils.background_jobs.execute_job(event=None, is_async=True, job_name='frappe.core.doctype.scheduled_job_type.scheduled_job_type.run_scheduled_jo..., kwargs={'job_type': 'erpnext.accounts.doctype.subscription.subscription.process_al..., method='frappe.core.doctype.scheduled_job_type.scheduled_job_type.run_scheduled_jo..., site='site1.local', user='Administrator') (3e649693-c668-44eb-a91a-bbc3e0393754)
18:13:19 home-frappe-frappe-bench:default: Job OK (262a76ad-618e-431d-bc95-3887b3dc4bc2)
18:13:19 Result is kept for 600 seconds
18:13:19 home-frappe-frappe-bench:default: frappe.utils.background_jobs.execute_job(event=None, is_async=True, job_name='frappe.core.doctype.scheduled_job_type.scheduled_job_type.run_scheduled_jo..., kwargs={'job_type': 'ecommerce_integrations.unicommerce.inventory.update_inventory..., method='frappe.core.doctype.scheduled_job_type.scheduled_job_type.run_scheduled_jo..., site='site1.local', user='Administrator') (b13ae6c8-4495-4260-994d-348b9bf38307)
18:13:19 home-frappe-frappe-bench:long: Job OK (3e649693-c668-44eb-a91a-bbc3e0393754)
18:13:19 Result is kept for 600 seconds
18:13:19 home-frappe-frappe-bench:long: frappe.utils.background_jobs.execute_job(event=None, is_async=True, job_name='frappe.core.doctype.scheduled_job_type.scheduled_job_type.run_scheduled_jo..., kwargs={'job_type': 'erpnext.loan_management.doctype.process_loan_interest_accrual..., method='frappe.core.doctype.scheduled_job_type.scheduled_job_type.run_scheduled_jo..., site='site1.local', user='Administrator') (079c2549-59e9-4e25-b1cf-64c343e41df9)
18:13:19 home-frappe-frappe-bench:default: Job OK (b13ae6c8-4495-4260-994d-348b9bf38307)
18:13:19 Result is kept for 600 seconds
18:13:19 home-frappe-frappe-bench:default: frappe.utils.background_jobs.execute_job(event=None, is_async=True, job_name='frappe.core.doctype.scheduled_job_type.scheduled_job_type.run_scheduled_jo..., kwargs={'job_type': 'ecommerce_integrations.unicommerce.order.sync_new_orders'}, method='frappe.core.doctype.scheduled_job_type.scheduled_job_type.run_scheduled_jo..., site='site1.local', user='Administrator') (f454d7ba-f4bd-46ac-b8a1-596349856209)
18:13:19 home-frappe-frappe-bench:default: Job OK (f454d7ba-f4bd-46ac-b8a1-596349856209)
18:13:19 Result is kept for 600 seconds
18:13:19 home-frappe-frappe-bench:default: frappe.utils.background_jobs.execute_job(event=None, is_async=True, job_name='frappe.core.doctype.scheduled_job_type.scheduled_job_type.run_scheduled_jo..., kwargs={'job_type': 'erpnext.accounts.doctype.process_statement_of_accounts.proces..., method='frappe.core.doctype.scheduled_job_type.scheduled_job_type.run_scheduled_jo..., site='site1.local', user='Administrator') (8db51544-066d-4987-8fe0-4340fb816c1b)
18:13:20 home-frappe-frappe-bench:default: Job OK (8db51544-066d-4987-8fe0-4340fb816c1b)
18:13:20 Result is kept for 600 seconds
18:13:20 home-frappe-frappe-bench:default: frappe.utils.background_jobs.execute_job(event=None, is_async=True, job_name='frappe.core.doctype.scheduled_job_type.scheduled_job_type.run_scheduled_jo..., kwargs={'job_type': 'erpnext.buying.doctype.supplier_quotation.supplier_quotation...., method='frappe.core.doctype.scheduled_job_type.scheduled_job_type.run_scheduled_jo..., site='site1.local', user='Administrator') (da38ef77-34e8-4d7c-97ea-7a2155de990e)
18:13:20 home-frappe-frappe-bench:long: Job OK (079c2549-59e9-4e25-b1cf-64c343e41df9)
18:13:20 Result is kept for 600 seconds
18:13:20 home-frappe-frappe-bench:long: frappe.utils.background_jobs.execute_job(event=None, is_async=True, job_name='frappe.core.doctype.scheduled_job_type.scheduled_job_type.run_scheduled_jo..., kwargs={'job_type': 'erpnext.accounts.deferred_revenue.process_deferred_accounting..., method='frappe.core.doctype.scheduled_job_type.scheduled_job_type.run_scheduled_jo..., site='site1.local', user='Administrator') (1a95c1f6-1249-444e-a45c-655b1b4c00a8)
18:13:21 home-frappe-frappe-bench:long: Job OK (1a95c1f6-1249-444e-a45c-655b1b4c00a8)
18:13:21 Result is kept for 600 seconds
18:13:21 home-frappe-frappe-bench:long: frappe.utils.background_jobs.execute_job(event=None, is_async=True, job_name='frappe.core.doctype.scheduled_job_type.scheduled_job_type.run_scheduled_jo..., kwargs={'job_type': 'erpnext.crm.utils.open_leads_opportunities_based_on_todays_ev..., method='frappe.core.doctype.scheduled_job_type.scheduled_job_type.run_scheduled_jo..., site='site1.local', user='Administrator') (fca7cac3-343d-452f-a10d-3d6e1c78f03b)
18:13:21 home-frappe-frappe-bench:default: Job OK (da38ef77-34e8-4d7c-97ea-7a2155de990e)
18:13:21 Result is kept for 600 seconds
18:13:21 home-frappe-frappe-bench:default: frappe.utils.background_jobs.execute_job(event=None, is_async=True, job_name='frappe.core.doctype.scheduled_job_type.scheduled_job_type.run_scheduled_jo..., kwargs={'job_type': 'erpnext.selling.doctype.quotation.quotation.set_expired_statu..., method='frappe.core.doctype.scheduled_job_type.scheduled_job_type.run_scheduled_jo..., site='site1.local', user='Administrator') (803019de-d824-40d2-9ffb-4cdb53c9b5f6)
18:13:21 home-frappe-frappe-bench:long: Job OK (fca7cac3-343d-452f-a10d-3d6e1c78f03b)
18:13:21 Result is kept for 600 seconds
18:13:21 home-frappe-frappe-bench:long: frappe.utils.background_jobs.execute_job(event=None, is_async=True, job_name='frappe.core.doctype.scheduled_job_type.scheduled_job_type.run_scheduled_jo..., kwargs={'job_type': 'erpnext.loan_management.doctype.process_loan_interest_accrual..., method='frappe.core.doctype.scheduled_job_type.scheduled_job_type.run_scheduled_jo..., site='site1.local', user='Administrator') (5342973a-085c-4df8-b051-d4115bf8ba7c)
18:13:23 home-frappe-frappe-bench:long: Job OK (5342973a-085c-4df8-b051-d4115bf8ba7c)
18:13:23 Result is kept for 600 seconds
18:13:23 home-frappe-frappe-bench:default: Job OK (803019de-d824-40d2-9ffb-4cdb53c9b5f6)
18:13:23 Result is kept for 600 seconds
18:13:23 home-frappe-frappe-bench:long: frappe.utils.background_jobs.execute_job(event=None, is_async=True, job_name='frappe.core.doctype.scheduled_job_type.scheduled_job_type.run_scheduled_jo..., kwargs={'job_type': 'erpnext.loan_management.doctype.process_loan_security_shortfa..., method='frappe.core.doctype.scheduled_job_type.scheduled_job_type.run_scheduled_jo..., site='site1.local', user='Administrator') (7fb45e82-7464-4a1f-8222-dedf67e522cc)
18:13:23 home-frappe-frappe-bench:default: frappe.utils.background_jobs.execute_job(event=None, is_async=True, job_name='frappe.core.doctype.scheduled_job_type.scheduled_job_type.run_scheduled_jo..., kwargs={'job_type': 'erpnext.crm.doctype.email_campaign.email_campaign.set_email_c..., method='frappe.core.doctype.scheduled_job_type.scheduled_job_type.run_scheduled_jo..., site='site1.local', user='Administrator') (cfc5d747-16c3-450e-9648-eb568aa260e3)
18:13:24 home-frappe-frappe-bench:long: Job OK (7fb45e82-7464-4a1f-8222-dedf67e522cc)
18:13:24 Result is kept for 600 seconds
18:13:24 home-frappe-frappe-bench:long: frappe.utils.background_jobs.execute_job(event=None, is_async=True, job_name='frappe.core.doctype.scheduled_job_type.scheduled_job_type.run_scheduled_jo..., kwargs={'job_type': 'erpnext.manufacturing.doctype.bom_update_tool.bom_update_tool..., method='frappe.core.doctype.scheduled_job_type.scheduled_job_type.run_scheduled_jo..., site='site1.local', user='Administrator') (349ef21b-cbce-4e57-be3a-c7d02f4585d8)
18:13:25 home-frappe-frappe-bench:long: Job OK (349ef21b-cbce-4e57-be3a-c7d02f4585d8)
18:13:25 Result is kept for 600 seconds
18:13:25 home-frappe-frappe-bench:long: frappe.utils.background_jobs.execute_job(event=None, is_async=True, job_name='frappe.core.doctype.scheduled_job_type.scheduled_job_type.run_scheduled_jo..., kwargs={'job_type': 'erpnext.setup.doctype.email_digest.email_digest.send'}, method='frappe.core.doctype.scheduled_job_type.scheduled_job_type.run_scheduled_jo..., site='site1.local', user='Administrator') (393dc0e6-572e-465a-92b1-6344c11a3f63)
18:13:25 home-frappe-frappe-bench:default: Job OK (cfc5d747-16c3-450e-9648-eb568aa260e3)
18:13:25 Result is kept for 600 seconds
18:13:25 home-frappe-frappe-bench:default: frappe.utils.background_jobs.execute_job(event=None, is_async=True, job_name='frappe.core.doctype.scheduled_job_type.scheduled_job_type.run_scheduled_jo..., kwargs={'job_type': 'erpnext.crm.doctype.email_campaign.email_campaign.send_email_..., method='frappe.core.doctype.scheduled_job_type.scheduled_job_type.run_scheduled_jo..., site='site1.local', user='Administrator') (6cbb8dbf-dac0-4afe-801b-f29041ae2622)
18:13:26 home-frappe-frappe-bench:long: Job OK (393dc0e6-572e-465a-92b1-6344c11a3f63)
18:13:26 Result is kept for 600 seconds
18:13:26 home-frappe-frappe-bench:long: frappe.utils.background_jobs.execute_job(event=None, is_async=True, job_name='frappe.core.doctype.scheduled_job_type.scheduled_job_type.run_scheduled_jo..., kwargs={'job_type': 'frappe.integrations.doctype.s3_backup_settings.s3_backup_sett..., method='frappe.core.doctype.scheduled_job_type.scheduled_job_type.run_scheduled_jo..., site='site1.local', user='Administrator') (c86b5cde-d17f-4a89-9124-8139feb08163)
18:13:27 home-frappe-frappe-bench:long: Job OK (c86b5cde-d17f-4a89-9124-8139feb08163)
18:13:27 Result is kept for 600 seconds
18:13:27 home-frappe-frappe-bench:long: frappe.utils.background_jobs.execute_job(event=None, is_async=True, job_name='frappe.core.doctype.scheduled_job_type.scheduled_job_type.run_scheduled_jo..., kwargs={'job_type': 'frappe.integrations.doctype.google_drive.google_drive.weekly_..., method='frappe.core.doctype.scheduled_job_type.scheduled_job_type.run_scheduled_jo..., site='site1.local', user='Administrator') (0b3bafad-8304-4d49-89ca-945d0a51e1c9)
18:13:28 home-frappe-frappe-bench:default: Job OK (6cbb8dbf-dac0-4afe-801b-f29041ae2622)
18:13:28 Result is kept for 600 seconds
18:13:28 home-frappe-frappe-bench:default: frappe.utils.background_jobs.execute_job(event=None, is_async=True, job_name='frappe.core.doctype.scheduled_job_type.scheduled_job_type.run_scheduled_jo..., kwargs={'job_type': 'erpnext.support.doctype.service_level_agreement.service_level..., method='frappe.core.doctype.scheduled_job_type.scheduled_job_type.run_scheduled_jo..., site='site1.local', user='Administrator') (8187c919-14be-4a0b-bbd2-c206f471b8cb)
18:13:29 home-frappe-frappe-bench:default: Job OK (8187c919-14be-4a0b-bbd2-c206f471b8cb)
18:13:29 Result is kept for 600 seconds
18:13:29 home-frappe-frappe-bench:default: frappe.utils.background_jobs.execute_job(event=None, is_async=True, job_name='frappe.core.doctype.scheduled_job_type.scheduled_job_type.run_scheduled_jo..., kwargs={'job_type': 'erpnext.quality_management.doctype.quality_review.quality_rev..., method='frappe.core.doctype.scheduled_job_type.scheduled_job_type.run_scheduled_jo..., site='site1.local', user='Administrator') (f2eb254c-a35e-4a89-bdcc-97c2470ce0cc)
18:13:29 home-frappe-frappe-bench:long: Job OK (0b3bafad-8304-4d49-89ca-945d0a51e1c9)
18:13:29 Result is kept for 600 seconds
18:13:29 home-frappe-frappe-bench:long: frappe.utils.background_jobs.execute_job(event=None, is_async=True, job_name='frappe.core.doctype.scheduled_job_type.scheduled_job_type.run_scheduled_jo..., kwargs={'job_type': 'frappe.social.doctype.energy_point_log.energy_point_log.send_..., method='frappe.core.doctype.scheduled_job_type.scheduled_job_type.run_scheduled_jo..., site='site1.local', user='Administrator') (94722b96-fe7c-4e92-8399-3726c86568a4)
18:13:30 home-frappe-frappe-bench:default: Job OK (f2eb254c-a35e-4a89-bdcc-97c2470ce0cc)
18:13:30 Result is kept for 600 seconds
18:13:30 home-frappe-frappe-bench:long: Job OK (94722b96-fe7c-4e92-8399-3726c86568a4)
18:13:30 Result is kept for 600 seconds
18:13:30 home-frappe-frappe-bench:default: frappe.utils.background_jobs.execute_job(event=None, is_async=True, job_name='frappe.core.doctype.scheduled_job_type.scheduled_job_type.run_scheduled_jo..., kwargs={'job_type': 'erpnext.projects.doctype.project.project.send_project_status_..., method='frappe.core.doctype.scheduled_job_type.scheduled_job_type.run_scheduled_jo..., site='site1.local', user='Administrator') (e454e645-9015-41b6-93f8-6bd62455c7f7)
18:13:30 home-frappe-frappe-bench:long: frappe.utils.background_jobs.execute_job(event=None, is_async=True, job_name='frappe.core.doctype.scheduled_job_type.scheduled_job_type.run_scheduled_jo..., kwargs={'job_type': 'frappe.desk.form.document_follow.send_weekly_updates'}, method='frappe.core.doctype.scheduled_job_type.scheduled_job_type.run_scheduled_jo..., site='site1.local', user='Administrator') (a3cfb411-8865-4d7d-bc7b-1e64136847b0)
18:13:30 home-frappe-frappe-bench:long: Job OK (a3cfb411-8865-4d7d-bc7b-1e64136847b0)
18:13:30 Result is kept for 600 seconds
18:13:30 home-frappe-frappe-bench:long: frappe.utils.background_jobs.execute_job(event=None, is_async=True, job_name='frappe.core.doctype.scheduled_job_type.scheduled_job_type.run_scheduled_jo..., kwargs={'job_type': 'frappe.integrations.doctype.s3_backup_settings.s3_backup_sett..., method='frappe.core.doctype.scheduled_job_type.scheduled_job_type.run_scheduled_jo..., site='site1.local', user='Administrator') (be07b9a7-de4b-4548-a6ae-9dc82db86124)
18:13:31 home-frappe-frappe-bench:long: Job OK (be07b9a7-de4b-4548-a6ae-9dc82db86124)
18:13:31 Result is kept for 600 seconds
18:13:31 home-frappe-frappe-bench:long: frappe.utils.background_jobs.execute_job(event=None, is_async=True, job_name='frappe.core.doctype.scheduled_job_type.scheduled_job_type.run_scheduled_jo..., kwargs={'job_type': 'frappe.integrations.doctype.dropbox_settings.dropbox_settings..., method='frappe.core.doctype.scheduled_job_type.scheduled_job_type.run_scheduled_jo..., site='site1.local', user='Administrator') (3837e23a-aa15-4655-903d-498c7fa255b9)
18:13:31 home-frappe-frappe-bench:default: Job OK (e454e645-9015-41b6-93f8-6bd62455c7f7)
18:13:31 Result is kept for 600 seconds
18:13:31 home-frappe-frappe-bench:default: frappe.utils.background_jobs.execute_job(event=None, is_async=True, job_name='frappe.core.doctype.scheduled_job_type.scheduled_job_type.run_scheduled_jo..., kwargs={'job_type': 'erpnext.projects.doctype.project.project.update_project_sales..., method='frappe.core.doctype.scheduled_job_type.scheduled_job_type.run_scheduled_jo..., site='site1.local', user='Administrator') (0dafc833-0bf6-4d36-807a-d8fd266faf31)
18:13:32 home-frappe-frappe-bench:default: Job OK (0dafc833-0bf6-4d36-807a-d8fd266faf31)
18:13:32 Result is kept for 600 seconds
18:13:32 home-frappe-frappe-bench:default: frappe.utils.background_jobs.execute_job(event=None, is_async=True, job_name='frappe.core.doctype.scheduled_job_type.scheduled_job_type.run_scheduled_jo..., kwargs={'job_type': 'erpnext.crm.doctype.contract.contract.update_status_for_contr..., method='frappe.core.doctype.scheduled_job_type.scheduled_job_type.run_scheduled_jo..., site='site1.local', user='Administrator') (60a6a4ca-6753-4678-bf10-c563d3d76e4a)
18:13:32 home-frappe-frappe-bench:long: Job OK (3837e23a-aa15-4655-903d-498c7fa255b9)
18:13:32 Result is kept for 600 seconds
18:13:32 home-frappe-frappe-bench:long: frappe.utils.background_jobs.execute_job(event=None, is_async=True, job_name='frappe.core.doctype.scheduled_job_type.scheduled_job_type.run_scheduled_jo..., kwargs={'job_type': 'frappe.integrations.doctype.google_drive.google_drive.daily_b..., method='frappe.core.doctype.scheduled_job_type.scheduled_job_type.run_scheduled_jo..., site='site1.local', user='Administrator') (ba7249b7-377d-41f0-8a4d-b1c9cc9c3331)
18:13:32 home-frappe-frappe-bench:default: Job OK (60a6a4ca-6753-4678-bf10-c563d3d76e4a)
18:13:32 Result is kept for 600 seconds
18:13:32 home-frappe-frappe-bench:default: frappe.utils.background_jobs.execute_job(event=None, is_async=True, job_name='frappe.core.doctype.scheduled_job_type.scheduled_job_type.run_scheduled_jo..., kwargs={'job_type': 'erpnext.assets.doctype.asset.asset.make_post_gl_entry'}, method='frappe.core.doctype.scheduled_job_type.scheduled_job_type.run_scheduled_jo..., site='site1.local', user='Administrator') (7b6f9833-9c55-48f7-a1b6-0074a8ccf8cc)
18:13:32 home-frappe-frappe-bench:long: Job OK (ba7249b7-377d-41f0-8a4d-b1c9cc9c3331)
18:13:32 Result is kept for 600 seconds
18:13:32 home-frappe-frappe-bench:long: frappe.utils.background_jobs.execute_job(event=None, is_async=True, job_name='frappe.core.doctype.scheduled_job_type.scheduled_job_type.run_scheduled_jo..., kwargs={'job_type': 'frappe.email.doctype.auto_email_report.auto_email_report.send..., method='frappe.core.doctype.scheduled_job_type.scheduled_job_type.run_scheduled_jo..., site='site1.local', user='Administrator') (35629e13-7fa1-4a34-a17f-db16aac7775b)
18:13:33 home-frappe-frappe-bench:default: Job OK (7b6f9833-9c55-48f7-a1b6-0074a8ccf8cc)
18:13:33 Result is kept for 600 seconds
18:13:33 home-frappe-frappe-bench:default: frappe.utils.background_jobs.execute_job(event=None, is_async=True, job_name='frappe.core.doctype.scheduled_job_type.scheduled_job_type.run_scheduled_jo..., kwargs={'job_type': 'erpnext.assets.doctype.asset.asset.update_maintenance_status'..., method='frappe.core.doctype.scheduled_job_type.scheduled_job_type.run_scheduled_jo..., site='site1.local', user='Administrator') (1d8c472b-3b10-49b2-85ad-fcf0c5a8d51d)
18:13:33 home-frappe-frappe-bench:long: Job OK (35629e13-7fa1-4a34-a17f-db16aac7775b)
18:13:33 Result is kept for 600 seconds
18:13:33 home-frappe-frappe-bench:long: frappe.utils.background_jobs.execute_job(event=None, is_async=True, job_name='frappe.core.doctype.scheduled_job_type.scheduled_job_type.run_scheduled_jo..., kwargs={'job_type': 'frappe.integrations.doctype.s3_backup_settings.s3_backup_sett..., method='frappe.core.doctype.scheduled_job_type.scheduled_job_type.run_scheduled_jo..., site='site1.local', user='Administrator') (dca13bf8-f5be-4550-9a2f-1d70e345eadd)
18:13:34 home-frappe-frappe-bench:long: Job OK (dca13bf8-f5be-4550-9a2f-1d70e345eadd)
18:13:34 Result is kept for 600 seconds
18:13:34 home-frappe-frappe-bench:long: frappe.utils.background_jobs.execute_job(event=None, is_async=True, job_name='frappe.core.doctype.scheduled_job_type.scheduled_job_type.run_scheduled_jo..., kwargs={'job_type': 'frappe.utils.change_log.check_for_update'}, method='frappe.core.doctype.scheduled_job_type.scheduled_job_type.run_scheduled_jo..., site='site1.local', user='Administrator') (ec8ebd2c-aacb-4959-b456-81bd53a54ac5)
18:13:34 home-frappe-frappe-bench:default: Job OK (1d8c472b-3b10-49b2-85ad-fcf0c5a8d51d)
18:13:34 Result is kept for 600 seconds
18:13:34 home-frappe-frappe-bench:default: frappe.utils.background_jobs.execute_job(event=None, is_async=True, job_name='frappe.core.doctype.scheduled_job_type.scheduled_job_type.run_scheduled_jo..., kwargs={'job_type': 'erpnext.setup.doctype.company.company.cache_companies_monthly..., method='frappe.core.doctype.scheduled_job_type.scheduled_job_type.run_scheduled_jo..., site='site1.local', user='Administrator') (afbe7e71-d342-4e44-b54f-ae50bef13016)
18:13:34 home-frappe-frappe-bench:default: Job OK (afbe7e71-d342-4e44-b54f-ae50bef13016)
18:13:34 Result is kept for 600 seconds
18:13:35 home-frappe-frappe-bench:default: frappe.utils.background_jobs.execute_job(event=None, is_async=True, job_name='frappe.core.doctype.scheduled_job_type.scheduled_job_type.run_scheduled_jo..., kwargs={'job_type': 'erpnext.buying.doctype.supplier_scorecard.supplier_scorecard...., method='frappe.core.doctype.scheduled_job_type.scheduled_job_type.run_scheduled_jo..., site='site1.local', user='Administrator') (7c58d455-de46-48e3-bdc6-e5fd5ab35c92)
18:13:35 home-frappe-frappe-bench:default: Job OK (7c58d455-de46-48e3-bdc6-e5fd5ab35c92)
18:13:35 Result is kept for 600 seconds
18:13:35 home-frappe-frappe-bench:default: frappe.utils.background_jobs.execute_job(event=None, is_async=True, job_name='frappe.core.doctype.scheduled_job_type.scheduled_job_type.run_scheduled_jo..., kwargs={'job_type': 'erpnext.stock.doctype.serial_no.serial_no.update_maintenance_..., method='frappe.core.doctype.scheduled_job_type.scheduled_job_type.run_scheduled_jo..., site='site1.local', user='Administrator') (e7dcbfe8-f46e-4ab8-8ca3-ae90beb491db)
18:13:35 home-frappe-frappe-bench:default: Job OK (e7dcbfe8-f46e-4ab8-8ca3-ae90beb491db)
18:13:35 Result is kept for 600 seconds
18:13:35 home-frappe-frappe-bench:default: frappe.utils.background_jobs.execute_job(event=None, is_async=True, job_name='frappe.core.doctype.scheduled_job_type.scheduled_job_type.run_scheduled_jo..., kwargs={'job_type': 'erpnext.assets.doctype.asset.depreciation.post_depreciation_e..., method='frappe.core.doctype.scheduled_job_type.scheduled_job_type.run_scheduled_jo..., site='site1.local', user='Administrator') (3c2f01e7-e528-4448-a362-b8adbabac42c)
18:13:36 home-frappe-frappe-bench:default: Job OK (3c2f01e7-e528-4448-a362-b8adbabac42c)
18:13:36 Result is kept for 600 seconds
18:13:36 home-frappe-frappe-bench:default: frappe.utils.background_jobs.execute_job(event=None, is_async=True, job_name='frappe.core.doctype.scheduled_job_type.scheduled_job_type.run_scheduled_jo..., kwargs={'job_type': 'erpnext.projects.doctype.task.task.set_tasks_as_overdue'}, method='frappe.core.doctype.scheduled_job_type.scheduled_job_type.run_scheduled_jo..., site='site1.local', user='Administrator') (31ea0420-46b1-4877-b532-2650945244e2)
18:13:36 home-frappe-frappe-bench:default: Job OK (31ea0420-46b1-4877-b532-2650945244e2)
18:13:36 Result is kept for 600 seconds
18:13:36 home-frappe-frappe-bench:default: frappe.utils.background_jobs.execute_job(event=None, is_async=True, job_name='frappe.core.doctype.scheduled_job_type.scheduled_job_type.run_scheduled_jo..., kwargs={'job_type': 'erpnext.accounts.doctype.fiscal_year.fiscal_year.auto_create_..., method='frappe.core.doctype.scheduled_job_type.scheduled_job_type.run_scheduled_jo..., site='site1.local', user='Administrator') (7c04f58e-68a1-49ad-b8f6-861ec632fb15)
18:13:37 home-frappe-frappe-bench:default: Job OK (7c04f58e-68a1-49ad-b8f6-861ec632fb15)
18:13:37 Result is kept for 600 seconds
18:13:37 home-frappe-frappe-bench:default: frappe.utils.background_jobs.execute_job(event=None, is_async=True, job_name='frappe.core.doctype.scheduled_job_type.scheduled_job_type.run_scheduled_jo..., kwargs={'job_type': 'erpnext.controllers.accounts_controller.update_invoice_status..., method='frappe.core.doctype.scheduled_job_type.scheduled_job_type.run_scheduled_jo..., site='site1.local', user='Administrator') (4d9a79ad-3ce2-46a2-b62d-87269f8af0aa)
18:13:37 home-frappe-frappe-bench:long: Job OK (ec8ebd2c-aacb-4959-b456-81bd53a54ac5)
18:13:37 Result is kept for 600 seconds
18:13:37 home-frappe-frappe-bench:long: frappe.utils.background_jobs.execute_job(event=None, is_async=True, job_name='frappe.core.doctype.scheduled_job_type.scheduled_job_type.run_scheduled_jo..., kwargs={'job_type': 'frappe.integrations.doctype.dropbox_settings.dropbox_settings..., method='frappe.core.doctype.scheduled_job_type.scheduled_job_type.run_scheduled_jo..., site='site1.local', user='Administrator') (077c194a-274f-48bb-afda-fb56fbc87ee8)
18:13:38 home-frappe-frappe-bench:default: Job OK (4d9a79ad-3ce2-46a2-b62d-87269f8af0aa)
18:13:38 Result is kept for 600 seconds
18:13:38 home-frappe-frappe-bench:default: frappe.utils.background_jobs.execute_job(event=None, is_async=True, job_name='frappe.core.doctype.scheduled_job_type.scheduled_job_type.run_scheduled_jo..., kwargs={'job_type': 'erpnext.crm.doctype.opportunity.opportunity.auto_close_opport..., method='frappe.core.doctype.scheduled_job_type.scheduled_job_type.run_scheduled_jo..., site='site1.local', user='Administrator') (2e9466a3-d71e-401f-96f0-4e801d7f7b01)
18:13:38 home-frappe-frappe-bench:long: Job OK (077c194a-274f-48bb-afda-fb56fbc87ee8)
18:13:38 Result is kept for 600 seconds
18:13:38 home-frappe-frappe-bench:default: Job OK (2e9466a3-d71e-401f-96f0-4e801d7f7b01)
18:13:38 Result is kept for 600 seconds
18:13:38 home-frappe-frappe-bench:default: frappe.utils.background_jobs.execute_job(event=None, is_async=True, job_name='frappe.core.doctype.scheduled_job_type.scheduled_job_type.run_scheduled_jo..., kwargs={'job_type': 'erpnext.support.doctype.issue.issue.auto_close_tickets'}, method='frappe.core.doctype.scheduled_job_type.scheduled_job_type.run_scheduled_jo..., site='site1.local', user='Administrator') (563fd024-ec6c-46e4-9d79-98820d8f33a4)
18:13:38 home-frappe-frappe-bench:default: Job OK (563fd024-ec6c-46e4-9d79-98820d8f33a4)
18:13:38 Result is kept for 600 seconds
18:13:38 home-frappe-frappe-bench:default: frappe.utils.background_jobs.execute_job(event=None, is_async=True, job_name='frappe.core.doctype.scheduled_job_type.scheduled_job_type.run_scheduled_jo..., kwargs={'job_type': 'erpnext.projects.doctype.project.project.collect_project_stat..., method='frappe.core.doctype.scheduled_job_type.scheduled_job_type.run_scheduled_jo..., site='site1.local', user='Administrator') (84a559ea-7f10-4fef-b1ee-35167e273755)
18:13:38 home-frappe-frappe-bench:default: Job OK (84a559ea-7f10-4fef-b1ee-35167e273755)
18:13:38 Result is kept for 600 seconds
18:13:38 home-frappe-frappe-bench:default: frappe.utils.background_jobs.execute_job(event=None, is_async=True, job_name='frappe.core.doctype.scheduled_job_type.scheduled_job_type.run_scheduled_jo..., kwargs={'job_type': 'erpnext.projects.doctype.project.project.hourly_reminder'}, method='frappe.core.doctype.scheduled_job_type.scheduled_job_type.run_scheduled_jo..., site='site1.local', user='Administrator') (ecea8203-f840-4cc1-a858-709242f3912c)
18:13:39 home-frappe-frappe-bench:default: Job OK (ecea8203-f840-4cc1-a858-709242f3912c)
18:13:39 Result is kept for 600 seconds
18:13:39 home-frappe-frappe-bench:default: frappe.utils.background_jobs.execute_job(event=None, is_async=True, job_name='frappe.core.doctype.scheduled_job_type.scheduled_job_type.run_scheduled_jo..., kwargs={'job_type': 'erpnext.erpnext_integrations.doctype.plaid_settings.plaid_set..., method='frappe.core.doctype.scheduled_job_type.scheduled_job_type.run_scheduled_jo..., site='site1.local', user='Administrator') (452d0468-4c02-49be-94ea-4ec3c6e98fac)
18:13:40 home-frappe-frappe-bench:default: Job OK (452d0468-4c02-49be-94ea-4ec3c6e98fac)
18:13:40 Result is kept for 600 seconds
18:13:40 home-frappe-frappe-bench:default: frappe.utils.background_jobs.execute_job(event=None, is_async=True, job_name='frappe.core.doctype.scheduled_job_type.scheduled_job_type.run_scheduled_jo..., kwargs={'job_type': 'erpnext.crm.doctype.social_media_post.social_media_post.proce..., method='frappe.core.doctype.scheduled_job_type.scheduled_job_type.run_scheduled_jo..., site='site1.local', user='Administrator') (cb731869-0ad6-47f1-a6b9-86b533fb7aa1)
18:13:40 home-frappe-frappe-bench:default: Job OK (cb731869-0ad6-47f1-a6b9-86b533fb7aa1)
18:13:40 Result is kept for 600 seconds
18:13:40 home-frappe-frappe-bench:default: frappe.utils.background_jobs.execute_job(event=None, is_async=True, job_name='frappe.core.doctype.scheduled_job_type.scheduled_job_type.run_scheduled_jo..., kwargs={'job_type': 'erpnext.projects.doctype.project.project.project_status_updat..., method='frappe.core.doctype.scheduled_job_type.scheduled_job_type.run_scheduled_jo..., site='site1.local', user='Administrator') (6f669d8d-1c22-46cb-8d76-0c9eb26ce192)
18:13:41 home-frappe-frappe-bench:default: Job OK (6f669d8d-1c22-46cb-8d76-0c9eb26ce192)
18:13:41 Result is kept for 600 seconds
18:13:41 home-frappe-frappe-bench:default: frappe.utils.background_jobs.execute_job(event=None, is_async=True, job_name='frappe.core.doctype.scheduled_job_type.scheduled_job_type.run_scheduled_jo..., kwargs={'job_type': 'erpnext.stock.reorder_item.reorder_item'}, method='frappe.core.doctype.scheduled_job_type.scheduled_job_type.run_scheduled_jo..., site='site1.local', user='Administrator') (40f58d6a-183a-4a01-8883-56826f21f1f6)
18:13:41 home-frappe-frappe-bench:default: Job OK (40f58d6a-183a-4a01-8883-56826f21f1f6)
18:13:41 Result is kept for 600 seconds
18:13:41 home-frappe-frappe-bench:default: frappe.utils.background_jobs.execute_job(event=None, is_async=True, job_name='frappe.core.doctype.scheduled_job_type.scheduled_job_type.run_scheduled_jo..., kwargs={'job_type': 'erpnext.accounts.doctype.gl_entry.gl_entry.rename_gle_sle_doc..., method='frappe.core.doctype.scheduled_job_type.scheduled_job_type.run_scheduled_jo..., site='site1.local', user='Administrator') (da7550d8-c095-4eae-95dc-f8e68b668652)
18:13:42 home-frappe-frappe-bench:default: Job OK (da7550d8-c095-4eae-95dc-f8e68b668652)
18:13:42 Result is kept for 600 seconds
18:13:42 home-frappe-frappe-bench:default: frappe.utils.background_jobs.execute_job(event=None, is_async=True, job_name='frappe.core.doctype.scheduled_job_type.scheduled_job_type.run_scheduled_jo..., kwargs={'job_type': 'erpnext.utilities.doctype.video.video.update_youtube_data'}, method='frappe.core.doctype.scheduled_job_type.scheduled_job_type.run_scheduled_jo..., site='site1.local', user='Administrator') (d29fbfd2-cbd2-4646-9783-9e6e9e7ccac8)
18:13:43 home-frappe-frappe-bench:default: Job OK (d29fbfd2-cbd2-4646-9783-9e6e9e7ccac8)
18:13:43 Result is kept for 600 seconds
18:13:43 home-frappe-frappe-bench:default: frappe.utils.background_jobs.execute_job(event=None, is_async=True, job_name='frappe.core.doctype.scheduled_job_type.scheduled_job_type.run_scheduled_jo..., kwargs={'job_type': 'erpnext.manufacturing.doctype.bom_update_log.bom_update_log.r..., method='frappe.core.doctype.scheduled_job_type.scheduled_job_type.run_scheduled_jo..., site='site1.local', user='Administrator') (d05151b5-5855-455b-a613-5c347c838420)
18:13:43 home-frappe-frappe-bench:default: Job OK (d05151b5-5855-455b-a613-5c347c838420)
18:13:43 Result is kept for 600 seconds
18:13:43 home-frappe-frappe-bench:default: frappe.utils.background_jobs.execute_job(event=None, is_async=True, job_name='frappe.core.doctype.scheduled_job_type.scheduled_job_type.run_scheduled_jo..., kwargs={'job_type': 'payments.payment_gateways.doctype.razorpay_settings.razorpay_..., method='frappe.core.doctype.scheduled_job_type.scheduled_job_type.run_scheduled_jo..., site='site1.local', user='Administrator') (eb511c9f-8348-4400-87fc-9a36495effc6)
18:13:44 home-frappe-frappe-bench:default: Job OK (eb511c9f-8348-4400-87fc-9a36495effc6)
18:13:44 Result is kept for 600 seconds
18:13:44 home-frappe-frappe-bench:default: frappe.utils.background_jobs.execute_job(event=None, is_async=True, job_name='frappe.core.doctype.scheduled_job_type.scheduled_job_type.run_scheduled_jo..., kwargs={'job_type': 'frappe.social.doctype.energy_point_log.energy_point_log.send_..., method='frappe.core.doctype.scheduled_job_type.scheduled_job_type.run_scheduled_jo..., site='site1.local', user='Administrator') (3fc30c22-278c-45e7-81f6-a0a82295012a)
18:13:44 home-frappe-frappe-bench:default: Job OK (3fc30c22-278c-45e7-81f6-a0a82295012a)
18:13:44 Result is kept for 600 seconds
18:13:44 home-frappe-frappe-bench:default: frappe.utils.background_jobs.execute_job(event=None, is_async=True, job_name='frappe.core.doctype.scheduled_job_type.scheduled_job_type.run_scheduled_jo..., kwargs={'job_type': 'frappe.email.doctype.auto_email_report.auto_email_report.send..., method='frappe.core.doctype.scheduled_job_type.scheduled_job_type.run_scheduled_jo..., site='site1.local', user='Administrator') (c2af6df6-6611-4c82-afb0-5f0603bcb246)
18:13:45 home-frappe-frappe-bench:default: Job OK (c2af6df6-6611-4c82-afb0-5f0603bcb246)
18:13:45 Result is kept for 600 seconds
18:13:45 home-frappe-frappe-bench:default: frappe.utils.background_jobs.execute_job(event=None, is_async=True, job_name='frappe.core.doctype.scheduled_job_type.scheduled_job_type.run_scheduled_jo..., kwargs={'job_type': 'frappe.utils.subscription.enable_manage_subscription'}, method='frappe.core.doctype.scheduled_job_type.scheduled_job_type.run_scheduled_jo..., site='site1.local', user='Administrator') (293b20fd-c485-4cb6-8dfa-c7d15ea8ef49)
18:13:45 home-frappe-frappe-bench:default: Job OK (293b20fd-c485-4cb6-8dfa-c7d15ea8ef49)
18:13:45 Result is kept for 600 seconds
18:13:45 home-frappe-frappe-bench:default: frappe.utils.background_jobs.execute_job(event=None, is_async=True, job_name='frappe.core.doctype.scheduled_job_type.scheduled_job_type.run_scheduled_jo..., kwargs={'job_type': 'frappe.core.doctype.log_settings.log_settings.run_log_clean_u..., method='frappe.core.doctype.scheduled_job_type.scheduled_job_type.run_scheduled_jo..., site='site1.local', user='Administrator') (06a7f742-5e73-4716-a397-adfe01502987)
18:13:46 home-frappe-frappe-bench:default: Job OK (06a7f742-5e73-4716-a397-adfe01502987)
18:13:46 Result is kept for 600 seconds
18:13:46 home-frappe-frappe-bench:default: frappe.utils.background_jobs.execute_job(event=None, is_async=True, job_name='frappe.core.doctype.scheduled_job_type.scheduled_job_type.run_scheduled_jo..., kwargs={'job_type': 'frappe.core.doctype.prepared_report.prepared_report.delete_ex..., method='frappe.core.doctype.scheduled_job_type.scheduled_job_type.run_scheduled_jo..., site='site1.local', user='Administrator') (9310f4b8-54b6-48c1-a40a-87c23dd68ed5)
18:13:47 home-frappe-frappe-bench:default: Job OK (9310f4b8-54b6-48c1-a40a-87c23dd68ed5)
18:13:47 Result is kept for 600 seconds
18:13:47 home-frappe-frappe-bench:default: frappe.utils.background_jobs.execute_job(event=None, is_async=True, job_name='frappe.core.doctype.scheduled_job_type.scheduled_job_type.run_scheduled_jo..., kwargs={'job_type': 'frappe.email.doctype.unhandled_email.unhandled_email.remove_o..., method='frappe.core.doctype.scheduled_job_type.scheduled_job_type.run_scheduled_jo..., site='site1.local', user='Administrator') (68ba1b41-3e59-40f5-9390-001813e55b8a)
18:13:47 home-frappe-frappe-bench:default: Job OK (68ba1b41-3e59-40f5-9390-001813e55b8a)
18:13:47 Result is kept for 600 seconds
18:13:47 home-frappe-frappe-bench:default: frappe.utils.background_jobs.execute_job(event=None, is_async=True, job_name='frappe.core.doctype.scheduled_job_type.scheduled_job_type.run_scheduled_jo..., kwargs={'job_type': 'frappe.automation.doctype.auto_repeat.auto_repeat.set_auto_re..., method='frappe.core.doctype.scheduled_job_type.scheduled_job_type.run_scheduled_jo..., site='site1.local', user='Administrator') (c51689e5-e720-4e55-8357-6b394e093553)
18:13:48 home-frappe-frappe-bench:default: Job OK (c51689e5-e720-4e55-8357-6b394e093553)
18:13:48 Result is kept for 600 seconds
18:13:48 home-frappe-frappe-bench:default: frappe.utils.background_jobs.execute_job(event=None, is_async=True, job_name='frappe.core.doctype.scheduled_job_type.scheduled_job_type.run_scheduled_jo..., kwargs={'job_type': 'frappe.automation.doctype.auto_repeat.auto_repeat.make_auto_r..., method='frappe.core.doctype.scheduled_job_type.scheduled_job_type.run_scheduled_jo..., site='site1.local', user='Administrator') (ca9b9beb-99ca-44fd-a58f-6d44f843a240)
18:13:49 home-frappe-frappe-bench:default: Job OK (ca9b9beb-99ca-44fd-a58f-6d44f843a240)
18:13:49 Result is kept for 600 seconds
18:13:49 home-frappe-frappe-bench:default: frappe.utils.background_jobs.execute_job(event=None, is_async=True, job_name='frappe.core.doctype.scheduled_job_type.scheduled_job_type.run_scheduled_jo..., kwargs={'job_type': 'frappe.integrations.doctype.google_contacts.google_contacts.s..., method='frappe.core.doctype.scheduled_job_type.scheduled_job_type.run_scheduled_jo..., site='site1.local', user='Administrator') (2a86f6ad-94d8-487c-b809-ead2348604bb)
18:13:50 home-frappe-frappe-bench:default: Job OK (2a86f6ad-94d8-487c-b809-ead2348604bb)
18:13:50 Result is kept for 600 seconds
18:13:50 home-frappe-frappe-bench:default: frappe.utils.background_jobs.execute_job(event=None, is_async=True, job_name='frappe.core.doctype.scheduled_job_type.scheduled_job_type.run_scheduled_jo..., kwargs={'job_type': 'frappe.social.doctype.energy_point_settings.energy_point_sett..., method='frappe.core.doctype.scheduled_job_type.scheduled_job_type.run_scheduled_jo..., site='site1.local', user='Administrator') (d35e9180-1895-4778-803a-8dc36bc3216b)
18:13:50 home-frappe-frappe-bench:default: Job OK (d35e9180-1895-4778-803a-8dc36bc3216b)
18:13:50 Result is kept for 600 seconds
18:13:50 home-frappe-frappe-bench:default: frappe.utils.background_jobs.execute_job(event=None, is_async=True, job_name='frappe.core.doctype.scheduled_job_type.scheduled_job_type.run_scheduled_jo..., kwargs={'job_type': 'frappe.desk.form.document_follow.send_daily_updates'}, method='frappe.core.doctype.scheduled_job_type.scheduled_job_type.run_scheduled_jo..., site='site1.local', user='Administrator') (4f58f665-5e7f-4df0-9e0a-6b6d737f43c5)
18:13:50 home-frappe-frappe-bench:default: Job OK (4f58f665-5e7f-4df0-9e0a-6b6d737f43c5)
18:13:50 Result is kept for 600 seconds
18:13:50 home-frappe-frappe-bench:default: frappe.utils.background_jobs.execute_job(event=None, is_async=True, job_name='frappe.core.doctype.scheduled_job_type.scheduled_job_type.run_scheduled_jo..., kwargs={'job_type': 'frappe.website.doctype.personal_data_deletion_request.persona..., method='frappe.core.doctype.scheduled_job_type.scheduled_job_type.run_scheduled_jo..., site='site1.local', user='Administrator') (5c514dc3-f640-4a8b-9573-f19bb02ceeab)
18:13:51 home-frappe-frappe-bench:default: Job OK (5c514dc3-f640-4a8b-9573-f19bb02ceeab)
18:13:51 Result is kept for 600 seconds
18:13:51 home-frappe-frappe-bench:default: frappe.utils.background_jobs.execute_job(event=None, is_async=True, job_name='frappe.core.doctype.scheduled_job_type.scheduled_job_type.run_scheduled_jo..., kwargs={'job_type': 'frappe.email.doctype.notification.notification.trigger_daily_..., method='frappe.core.doctype.scheduled_job_type.scheduled_job_type.run_scheduled_jo..., site='site1.local', user='Administrator') (42cba187-ad87-4beb-b1c7-e955819b24e7)
18:13:51 home-frappe-frappe-bench:default: Job OK (42cba187-ad87-4beb-b1c7-e955819b24e7)
18:13:51 Result is kept for 600 seconds
18:13:51 home-frappe-frappe-bench:default: frappe.utils.background_jobs.execute_job(event=None, is_async=True, job_name='frappe.core.doctype.scheduled_job_type.scheduled_job_type.run_scheduled_jo..., kwargs={'job_type': 'frappe.sessions.clear_expired_sessions'}, method='frappe.core.doctype.scheduled_job_type.scheduled_job_type.run_scheduled_jo..., site='site1.local', user='Administrator') (555e42f5-b610-46fa-8b35-8aac38ce5ae9)
18:13:52 home-frappe-frappe-bench:default: Job OK (555e42f5-b610-46fa-8b35-8aac38ce5ae9)
18:13:52 Result is kept for 600 seconds
18:13:52 home-frappe-frappe-bench:default: frappe.utils.background_jobs.execute_job(event=None, is_async=True, job_name='frappe.core.doctype.scheduled_job_type.scheduled_job_type.run_scheduled_jo..., kwargs={'job_type': 'frappe.desk.doctype.event.event.send_event_digest'}, method='frappe.core.doctype.scheduled_job_type.scheduled_job_type.run_scheduled_jo..., site='site1.local', user='Administrator') (5abce095-7f05-4305-b147-2228fd4943a3)
18:13:52 home-frappe-frappe-bench:default: Job OK (5abce095-7f05-4305-b147-2228fd4943a3)
18:13:52 Result is kept for 600 seconds
18:13:52 home-frappe-frappe-bench:default: frappe.utils.background_jobs.execute_job(event=None, is_async=True, job_name='frappe.core.doctype.scheduled_job_type.scheduled_job_type.run_scheduled_jo..., kwargs={'job_type': 'frappe.desk.notifications.clear_notifications'}, method='frappe.core.doctype.scheduled_job_type.scheduled_job_type.run_scheduled_jo..., site='site1.local', user='Administrator') (d822b687-0544-4b0e-8041-bf3504d88936)
18:13:52 home-frappe-frappe-bench:default: Job OK (d822b687-0544-4b0e-8041-bf3504d88936)
18:13:52 Result is kept for 600 seconds
18:13:52 home-frappe-frappe-bench:default: frappe.utils.background_jobs.execute_job(event=None, is_async=True, job_name='frappe.core.doctype.scheduled_job_type.scheduled_job_type.run_scheduled_jo..., kwargs={'job_type': 'frappe.email.queue.set_expiry_for_email_queue'}, method='frappe.core.doctype.scheduled_job_type.scheduled_job_type.run_scheduled_jo..., site='site1.local', user='Administrator') (8cbeb6fa-8317-4f98-9fc4-3cb7e41df8b5)
18:13:53 home-frappe-frappe-bench:default: Job OK (8cbeb6fa-8317-4f98-9fc4-3cb7e41df8b5)
18:13:53 Result is kept for 600 seconds
18:13:53 home-frappe-frappe-bench:default: frappe.utils.background_jobs.execute_job(event=None, is_async=True, job_name='frappe.core.doctype.scheduled_job_type.scheduled_job_type.run_scheduled_jo..., kwargs={'job_type': 'frappe.website.doctype.personal_data_deletion_request.persona..., method='frappe.core.doctype.scheduled_job_type.scheduled_job_type.run_scheduled_jo..., site='site1.local', user='Administrator') (60358f13-b276-483f-98e6-cdcab20ea82e)
18:13:53 home-frappe-frappe-bench:default: Job OK (60358f13-b276-483f-98e6-cdcab20ea82e)
18:13:53 Result is kept for 600 seconds
18:13:53 home-frappe-frappe-bench:default: frappe.utils.background_jobs.execute_job(event=None, is_async=True, job_name='frappe.core.doctype.scheduled_job_type.scheduled_job_type.run_scheduled_jo..., kwargs={'job_type': 'frappe.email.doctype.newsletter.newsletter.send_scheduled_ema..., method='frappe.core.doctype.scheduled_job_type.scheduled_job_type.run_scheduled_jo..., site='site1.local', user='Administrator') (220c79a0-a79f-4ffe-bd83-8fb559308679)
18:13:54 home-frappe-frappe-bench:default: Job OK (220c79a0-a79f-4ffe-bd83-8fb559308679)
18:13:54 Result is kept for 600 seconds
18:13:54 home-frappe-frappe-bench:default: frappe.utils.background_jobs.execute_job(event=None, is_async=True, job_name='frappe.core.doctype.scheduled_job_type.scheduled_job_type.run_scheduled_jo..., kwargs={'job_type': 'frappe.integrations.doctype.google_calendar.google_calendar.s..., method='frappe.core.doctype.scheduled_job_type.scheduled_job_type.run_scheduled_jo..., site='site1.local', user='Administrator') (2edb1675-fbdc-4037-8f4c-eea7fe83c0a6)
18:13:55 home-frappe-frappe-bench:default: Job OK (2edb1675-fbdc-4037-8f4c-eea7fe83c0a6)
18:13:55 Result is kept for 600 seconds
18:13:55 home-frappe-frappe-bench:default: frappe.utils.background_jobs.execute_job(event=None, is_async=True, job_name='frappe.core.doctype.scheduled_job_type.scheduled_job_type.run_scheduled_jo..., kwargs={'job_type': 'frappe.desk.form.document_follow.send_hourly_updates'}, method='frappe.core.doctype.scheduled_job_type.scheduled_job_type.run_scheduled_jo..., site='site1.local', user='Administrator') (0f9970af-122a-4edd-a63d-735945c680b4)
18:13:55 home-frappe-frappe-bench:default: Job OK (0f9970af-122a-4edd-a63d-735945c680b4)
18:13:55 Result is kept for 600 seconds
18:13:55 home-frappe-frappe-bench:default: frappe.utils.background_jobs.execute_job(event=None, is_async=True, job_name='frappe.core.doctype.scheduled_job_type.scheduled_job_type.run_scheduled_jo..., kwargs={'job_type': 'frappe.deferred_insert.save_to_db'}, method='frappe.core.doctype.scheduled_job_type.scheduled_job_type.run_scheduled_jo..., site='site1.local', user='Administrator') (d02153e5-1c4e-4daf-8e54-e0b8da4b3e91)
18:13:56 home-frappe-frappe-bench:default: Job OK (d02153e5-1c4e-4daf-8e54-e0b8da4b3e91)
18:13:56 Result is kept for 600 seconds
18:13:56 home-frappe-frappe-bench:default: frappe.utils.background_jobs.execute_job(event=None, is_async=True, job_name='frappe.core.doctype.scheduled_job_type.scheduled_job_type.run_scheduled_jo..., kwargs={'job_type': 'frappe.desk.page.backups.backups.delete_downloadable_backups'..., method='frappe.core.doctype.scheduled_job_type.scheduled_job_type.run_scheduled_jo..., site='site1.local', user='Administrator') (41324b49-733a-4019-a4e1-1314b40367c1)
18:13:56 home-frappe-frappe-bench:default: Job OK (41324b49-733a-4019-a4e1-1314b40367c1)
18:13:56 Result is kept for 600 seconds
18:13:56 home-frappe-frappe-bench:default: frappe.utils.background_jobs.execute_job(event=None, is_async=True, job_name='frappe.core.doctype.scheduled_job_type.scheduled_job_type.run_scheduled_jo..., kwargs={'job_type': 'frappe.utils.error.collect_error_snapshots'}, method='frappe.core.doctype.scheduled_job_type.scheduled_job_type.run_scheduled_jo..., site='site1.local', user='Administrator') (649ba834-8bc2-4b93-b00c-a1523a22550c)
18:13:57 home-frappe-frappe-bench:default: Job OK (649ba834-8bc2-4b93-b00c-a1523a22550c)
18:13:57 Result is kept for 600 seconds
18:13:57 home-frappe-frappe-bench:default: frappe.utils.background_jobs.execute_job(event=None, is_async=True, job_name='frappe.core.doctype.scheduled_job_type.scheduled_job_type.run_scheduled_jo..., kwargs={'job_type': 'frappe.model.utils.user_settings.sync_user_settings'}, method='frappe.core.doctype.scheduled_job_type.scheduled_job_type.run_scheduled_jo..., site='site1.local', user='Administrator') (5f2d20a9-f44a-4bf4-b461-67f20625c754)
18:13:57 home-frappe-frappe-bench:default: Job OK (5f2d20a9-f44a-4bf4-b461-67f20625c754)
18:13:57 Result is kept for 600 seconds
18:13:57 home-frappe-frappe-bench:default: frappe.utils.background_jobs.execute_job(event=None, is_async=True, job_name='frappe.core.doctype.scheduled_job_type.scheduled_job_type.run_scheduled_jo..., kwargs={'job_type': 'frappe.model.utils.link_count.update_link_count'}, method='frappe.core.doctype.scheduled_job_type.scheduled_job_type.run_scheduled_jo..., site='site1.local', user='Administrator') (7dba815f-a880-4f8f-b323-b940343fefc7)
18:13:57 home-frappe-frappe-bench:default: Job OK (7dba815f-a880-4f8f-b323-b940343fefc7)
18:13:57 Result is kept for 600 seconds
18:13:57 home-frappe-frappe-bench:default: frappe.utils.background_jobs.execute_job(event=None, is_async=True, job_name='frappe.core.doctype.scheduled_job_type.scheduled_job_type.run_scheduled_jo..., kwargs={'job_type': 'frappe.monitor.flush'}, method='frappe.core.doctype.scheduled_job_type.scheduled_job_type.run_scheduled_jo..., site='site1.local', user='Administrator') (b662e2a2-b3b7-4ead-bca2-c7eb880d7041)
18:13:58 home-frappe-frappe-bench:default: Job OK (b662e2a2-b3b7-4ead-bca2-c7eb880d7041)
18:13:58 Result is kept for 600 seconds
18:13:58 home-frappe-frappe-bench:default: frappe.utils.background_jobs.execute_job(event=None, is_async=True, job_name='frappe.core.doctype.scheduled_job_type.scheduled_job_type.run_scheduled_jo..., kwargs={'job_type': 'frappe.utils.global_search.sync_global_search'}, method='frappe.core.doctype.scheduled_job_type.scheduled_job_type.run_scheduled_jo..., site='site1.local', user='Administrator') (e151c992-e218-42ba-b8da-48bc3024b027)
18:13:58 home-frappe-frappe-bench:default: Job OK (e151c992-e218-42ba-b8da-48bc3024b027)
18:13:58 Result is kept for 600 seconds
18:13:58 home-frappe-frappe-bench:default: frappe.utils.background_jobs.execute_job(event=None, is_async=True, job_name='frappe.core.doctype.scheduled_job_type.scheduled_job_type.run_scheduled_jo..., kwargs={'job_type': 'frappe.email.doctype.email_account.email_account.notify_unrep..., method='frappe.core.doctype.scheduled_job_type.scheduled_job_type.run_scheduled_jo..., site='site1.local', user='Administrator') (237785fd-19b7-4b43-ac11-e144361fcffc)
18:13:59 home-frappe-frappe-bench:default: Job OK (237785fd-19b7-4b43-ac11-e144361fcffc)
18:13:59 Result is kept for 600 seconds
18:13:59 home-frappe-frappe-bench:default: frappe.utils.background_jobs.execute_job(event=None, is_async=True, job_name='frappe.core.doctype.scheduled_job_type.scheduled_job_type.run_scheduled_jo..., kwargs={'job_type': 'frappe.email.doctype.email_account.email_account.pull'}, method='frappe.core.doctype.scheduled_job_type.scheduled_job_type.run_scheduled_jo..., site='site1.local', user='Administrator') (2f79b7c2-b967-4977-aca5-f213965953d0)
18:14:00 home-frappe-frappe-bench:default: Job OK (2f79b7c2-b967-4977-aca5-f213965953d0)
18:14:00 Result is kept for 600 seconds
18:14:00 home-frappe-frappe-bench:default: frappe.utils.background_jobs.execute_job(event=None, is_async=True, job_name='frappe.core.doctype.scheduled_job_type.scheduled_job_type.run_scheduled_jo..., kwargs={'job_type': 'frappe.email.queue.flush'}, method='frappe.core.doctype.scheduled_job_type.scheduled_job_type.run_scheduled_jo..., site='site1.local', user='Administrator') (d0648b48-285e-482f-afbb-f9860f83f8ad)
18:14:01 home-frappe-frappe-bench:default: Job OK (d0648b48-285e-482f-afbb-f9860f83f8ad)
18:14:01 Result is kept for 600 seconds
18:14:01 home-frappe-frappe-bench:default: frappe.utils.background_jobs.execute_job(event=None, is_async=True, job_name='frappe.core.doctype.scheduled_job_type.scheduled_job_type.run_scheduled_jo..., kwargs={'job_type': 'frappe.twofactor.delete_all_barcodes_for_users'}, method='frappe.core.doctype.scheduled_job_type.scheduled_job_type.run_scheduled_jo..., site='site1.local', user='Administrator') (a65fa6f6-7135-4a81-84ea-da0f94f4daef)
18:14:01 home-frappe-frappe-bench:default: Job OK (a65fa6f6-7135-4a81-84ea-da0f94f4daef)
18:14:01 Result is kept for 600 seconds
18:14:01 home-frappe-frappe-bench:default: frappe.utils.background_jobs.execute_job(event=None, is_async=True, job_name='frappe.core.doctype.scheduled_job_type.scheduled_job_type.run_scheduled_jo..., kwargs={'job_type': 'frappe.website.doctype.web_page.web_page.check_publish_status..., method='frappe.core.doctype.scheduled_job_type.scheduled_job_type.run_scheduled_jo..., site='site1.local', user='Administrator') (a89a42c0-5d7a-4543-a8e6-c0bc72f1a38f)
18:14:02 home-frappe-frappe-bench:default: Job OK (a89a42c0-5d7a-4543-a8e6-c0bc72f1a38f)
18:14:02 Result is kept for 600 seconds
18:14:02 home-frappe-frappe-bench:default: frappe.utils.background_jobs.execute_job(event=None, is_async=True, job_name='frappe.core.doctype.scheduled_job_type.scheduled_job_type.run_scheduled_jo..., kwargs={'job_type': 'frappe.oauth.delete_oauth2_data'}, method='frappe.core.doctype.scheduled_job_type.scheduled_job_type.run_scheduled_jo..., site='site1.local', user='Administrator') (d2b06fc4-0a0e-4358-b5f2-adc9d9a80b94)
18:14:03 home-frappe-frappe-bench:default: Job OK (d2b06fc4-0a0e-4358-b5f2-adc9d9a80b94)
18:14:03 Result is kept for 600 seconds
18:14:03 home-frappe-frappe-bench:default: frappe.utils.background_jobs.execute_job(event=None, is_async=True, job_name='frappe.automation.doctype.auto_repeat.auto_repeat.create_repeated_entries', kwargs={'data': []}, method='frappe.automation.doctype.auto_repeat.auto_repeat.create_repeated_entries', site='site1.local', user='Administrator') (6d82a5b1-34de-4776-a4b9-38b00fe34278)
18:14:04 home-frappe-frappe-bench:default: Job OK (6d82a5b1-34de-4776-a4b9-38b00fe34278)
18:14:04 Result is kept for 600 seconds
18:27:08 Cleaning registries for queue: home-frappe-frappe-bench:long
18:27:34 Cleaning registries for queue: home-frappe-frappe-bench:default
18:39:09 Cleaning registries for queue: home-frappe-frappe-bench:short
18:54:08 Cleaning registries for queue: home-frappe-frappe-bench:long
18:54:34 Cleaning registries for queue: home-frappe-frappe-bench:default
19:06:09 Cleaning registries for queue: home-frappe-frappe-bench:short
19:21:08 Cleaning registries for queue: home-frappe-frappe-bench:long
19:21:34 Cleaning registries for queue: home-frappe-frappe-bench:default
19:33:09 Cleaning registries for queue: home-frappe-frappe-bench:short
19:48:08 Cleaning registries for queue: home-frappe-frappe-bench:long
19:48:34 Cleaning registries for queue: home-frappe-frappe-bench:default
20:00:09 Cleaning registries for queue: home-frappe-frappe-bench:short
20:15:08 Cleaning registries for queue: home-frappe-frappe-bench:long
20:15:35 Cleaning registries for queue: home-frappe-frappe-bench:default
